{"/Users/sonukumrar/Documents/Projects/PublicSepient/sepient/src/App.js": {"path":"/Users/sonukumrar/Documents/Projects/PublicSepient/sepient/src/App.js","statementMap":{"0":{"start":{"line":8,"column":12},"end":{"line":8,"column":61}},"1":{"start":{"line":12,"column":36},"end":{"line":12,"column":48}},"2":{"start":{"line":14,"column":0},"end":{"line":16,"column":5}},"3":{"start":{"line":15,"column":4},"end":{"line":15,"column":16}},"4":{"start":{"line":18,"column":20},"end":{"line":37,"column":1}},"5":{"start":{"line":20,"column":2},"end":{"line":34,"column":3}},"6":{"start":{"line":21,"column":4},"end":{"line":21,"column":95}},"7":{"start":{"line":23,"column":7},"end":{"line":34,"column":3}},"8":{"start":{"line":24,"column":4},"end":{"line":24,"column":43}},"9":{"start":{"line":26,"column":7},"end":{"line":34,"column":3}},"10":{"start":{"line":27,"column":4},"end":{"line":27,"column":44}},"11":{"start":{"line":29,"column":7},"end":{"line":34,"column":3}},"12":{"start":{"line":30,"column":4},"end":{"line":30,"column":50}},"13":{"start":{"line":33,"column":4},"end":{"line":33,"column":14}},"14":{"start":{"line":36,"column":2},"end":{"line":36,"column":17}},"15":{"start":{"line":39,"column":18},"end":{"line":53,"column":1}},"16":{"start":{"line":40,"column":4},"end":{"line":52,"column":5}},"17":{"start":{"line":41,"column":17},"end":{"line":41,"column":27}},"18":{"start":{"line":44,"column":8},"end":{"line":44,"column":30}},"19":{"start":{"line":50,"column":8},"end":{"line":50,"column":23}},"20":{"start":{"line":54,"column":2},"end":{"line":76,"column":4}},"21":{"start":{"line":68,"column":16},"end":{"line":68,"column":56}}},"fnMap":{"0":{"name":"App","decl":{"start":{"line":10,"column":9},"end":{"line":10,"column":12}},"loc":{"start":{"line":10,"column":15},"end":{"line":77,"column":1}},"line":10},"1":{"name":"(anonymous_1)","decl":{"start":{"line":14,"column":10},"end":{"line":14,"column":11}},"loc":{"start":{"line":14,"column":16},"end":{"line":16,"column":1}},"line":14},"2":{"name":"(anonymous_2)","decl":{"start":{"line":18,"column":20},"end":{"line":18,"column":21}},"loc":{"start":{"line":18,"column":30},"end":{"line":37,"column":1}},"line":18},"3":{"name":"(anonymous_3)","decl":{"start":{"line":39,"column":18},"end":{"line":39,"column":19}},"loc":{"start":{"line":39,"column":33},"end":{"line":53,"column":1}},"line":39},"4":{"name":"(anonymous_4)","decl":{"start":{"line":41,"column":10},"end":{"line":41,"column":11}},"loc":{"start":{"line":41,"column":17},"end":{"line":41,"column":27}},"line":41},"5":{"name":"(anonymous_5)","decl":{"start":{"line":43,"column":6},"end":{"line":43,"column":7}},"loc":{"start":{"line":43,"column":18},"end":{"line":45,"column":7}},"line":43},"6":{"name":"(anonymous_6)","decl":{"start":{"line":49,"column":6},"end":{"line":49,"column":7}},"loc":{"start":{"line":49,"column":17},"end":{"line":51,"column":7}},"line":49},"7":{"name":"(anonymous_7)","decl":{"start":{"line":67,"column":29},"end":{"line":67,"column":30}},"loc":{"start":{"line":68,"column":16},"end":{"line":68,"column":56}},"line":68}},"branchMap":{"0":{"loc":{"start":{"line":20,"column":2},"end":{"line":34,"column":3}},"type":"if","locations":[{"start":{"line":20,"column":2},"end":{"line":34,"column":3}},{"start":{"line":20,"column":2},"end":{"line":34,"column":3}}],"line":20},"1":{"loc":{"start":{"line":20,"column":5},"end":{"line":20,"column":42}},"type":"binary-expr","locations":[{"start":{"line":20,"column":5},"end":{"line":20,"column":14}},{"start":{"line":20,"column":18},"end":{"line":20,"column":29}},{"start":{"line":20,"column":33},"end":{"line":20,"column":42}}],"line":20},"2":{"loc":{"start":{"line":23,"column":7},"end":{"line":34,"column":3}},"type":"if","locations":[{"start":{"line":23,"column":7},"end":{"line":34,"column":3}},{"start":{"line":23,"column":7},"end":{"line":34,"column":3}}],"line":23},"3":{"loc":{"start":{"line":26,"column":7},"end":{"line":34,"column":3}},"type":"if","locations":[{"start":{"line":26,"column":7},"end":{"line":34,"column":3}},{"start":{"line":26,"column":7},"end":{"line":34,"column":3}}],"line":26},"4":{"loc":{"start":{"line":29,"column":7},"end":{"line":34,"column":3}},"type":"if","locations":[{"start":{"line":29,"column":7},"end":{"line":34,"column":3}},{"start":{"line":29,"column":7},"end":{"line":34,"column":3}}],"line":29},"5":{"loc":{"start":{"line":39,"column":19},"end":{"line":39,"column":28}},"type":"default-arg","locations":[{"start":{"line":39,"column":25},"end":{"line":39,"column":28}}],"line":39}},"s":{"0":1,"1":1,"2":1,"3":1,"4":1,"5":0,"6":0,"7":0,"8":0,"9":0,"10":0,"11":0,"12":0,"13":0,"14":0,"15":1,"16":1,"17":0,"18":0,"19":0,"20":1,"21":0},"f":{"0":1,"1":1,"2":0,"3":1,"4":0,"5":0,"6":0,"7":0},"b":{"0":[0,0],"1":[0,0,0],"2":[0,0],"3":[0,0],"4":[0,0],"5":[1]},"_coverageSchema":"43e27e138ebf9cfc5966b082cf9a028302ed4184","hash":"4886067eaa33d2cbd64ef434ef012945bad95cd7"}
,"/Users/sonukumrar/Documents/Projects/PublicSepient/sepient/src/index.js": {"path":"/Users/sonukumrar/Documents/Projects/PublicSepient/sepient/src/index.js","statementMap":{"0":{"start":{"line":9,"column":0},"end":{"line":11,"column":1}},"1":{"start":{"line":10,"column":2},"end":{"line":10,"column":61}}},"fnMap":{},"branchMap":{"0":{"loc":{"start":{"line":9,"column":0},"end":{"line":11,"column":1}},"type":"if","locations":[{"start":{"line":9,"column":0},"end":{"line":11,"column":1}},{"start":{"line":9,"column":0},"end":{"line":11,"column":1}}],"line":9}},"s":{"0":0,"1":0},"f":{},"b":{"0":[0,0]},"hash":"4b6af22ab05c86f06a8944bb5632e2dfd43859a9"}
,"/Users/sonukumrar/Documents/Projects/PublicSepient/sepient/src/Components/Filter/Filter.js": {"path":"/Users/sonukumrar/Documents/Projects/PublicSepient/sepient/src/Components/Filter/Filter.js","statementMap":{"0":{"start":{"line":4,"column":19},"end":{"line":12,"column":1}},"1":{"start":{"line":13,"column":16},"end":{"line":13,"column":18}},"2":{"start":{"line":14,"column":15},"end":{"line":48,"column":1}},"3":{"start":{"line":16,"column":23},"end":{"line":18,"column":5}},"4":{"start":{"line":17,"column":8},"end":{"line":17,"column":83}},"5":{"start":{"line":19,"column":24},"end":{"line":21,"column":5}},"6":{"start":{"line":20,"column":8},"end":{"line":20,"column":85}},"7":{"start":{"line":22,"column":23},"end":{"line":24,"column":5}},"8":{"start":{"line":23,"column":8},"end":{"line":23,"column":83}},"9":{"start":{"line":25,"column":29},"end":{"line":28,"column":5}},"10":{"start":{"line":26,"column":8},"end":{"line":26,"column":17}},"11":{"start":{"line":27,"column":8},"end":{"line":27,"column":30}},"12":{"start":{"line":29,"column":4},"end":{"line":47,"column":5}},"13":{"start":{"line":34,"column":20},"end":{"line":34,"column":92}}},"fnMap":{"0":{"name":"(anonymous_0)","decl":{"start":{"line":14,"column":15},"end":{"line":14,"column":16}},"loc":{"start":{"line":14,"column":26},"end":{"line":48,"column":1}},"line":14},"1":{"name":"(anonymous_1)","decl":{"start":{"line":16,"column":23},"end":{"line":16,"column":24}},"loc":{"start":{"line":16,"column":30},"end":{"line":18,"column":5}},"line":16},"2":{"name":"(anonymous_2)","decl":{"start":{"line":19,"column":24},"end":{"line":19,"column":25}},"loc":{"start":{"line":19,"column":31},"end":{"line":21,"column":5}},"line":19},"3":{"name":"(anonymous_3)","decl":{"start":{"line":22,"column":23},"end":{"line":22,"column":24}},"loc":{"start":{"line":22,"column":30},"end":{"line":24,"column":5}},"line":22},"4":{"name":"(anonymous_4)","decl":{"start":{"line":25,"column":29},"end":{"line":25,"column":30}},"loc":{"start":{"line":25,"column":35},"end":{"line":28,"column":5}},"line":25},"5":{"name":"(anonymous_5)","decl":{"start":{"line":33,"column":31},"end":{"line":33,"column":32}},"loc":{"start":{"line":34,"column":20},"end":{"line":34,"column":92}},"line":34}},"branchMap":{},"s":{"0":2,"1":2,"2":2,"3":3,"4":1,"5":3,"6":0,"7":3,"8":0,"9":3,"10":0,"11":0,"12":3,"13":30},"f":{"0":3,"1":1,"2":0,"3":0,"4":0,"5":30},"b":{},"_coverageSchema":"43e27e138ebf9cfc5966b082cf9a028302ed4184","hash":"f6202024bdea5d4473a5905c7afb6ee8ffe7d0f7"}
,"/Users/sonukumrar/Documents/Projects/PublicSepient/sepient/src/Components/Header/Header.js": {"path":"/Users/sonukumrar/Documents/Projects/PublicSepient/sepient/src/Components/Header/Header.js","statementMap":{"0":{"start":{"line":4,"column":15},"end":{"line":8,"column":1}},"1":{"start":{"line":5,"column":4},"end":{"line":7,"column":5}}},"fnMap":{"0":{"name":"(anonymous_0)","decl":{"start":{"line":4,"column":15},"end":{"line":4,"column":16}},"loc":{"start":{"line":4,"column":26},"end":{"line":8,"column":1}},"line":4}},"branchMap":{},"s":{"0":2,"1":2},"f":{"0":2},"b":{},"_coverageSchema":"43e27e138ebf9cfc5966b082cf9a028302ed4184","hash":"9443d30ffc476f01b3a0316e640290ea3d8fa5f3"}
,"/Users/sonukumrar/Documents/Projects/PublicSepient/sepient/src/Components/Program/ProgramCard.js": {"path":"/Users/sonukumrar/Documents/Projects/PublicSepient/sepient/src/Components/Program/ProgramCard.js","statementMap":{"0":{"start":{"line":6,"column":20},"end":{"line":32,"column":1}},"1":{"start":{"line":7,"column":4},"end":{"line":30,"column":5}},"2":{"start":{"line":15,"column":87},"end":{"line":15,"column":113}}},"fnMap":{"0":{"name":"(anonymous_0)","decl":{"start":{"line":6,"column":20},"end":{"line":6,"column":21}},"loc":{"start":{"line":6,"column":31},"end":{"line":32,"column":1}},"line":6},"1":{"name":"(anonymous_1)","decl":{"start":{"line":15,"column":79},"end":{"line":15,"column":80}},"loc":{"start":{"line":15,"column":87},"end":{"line":15,"column":113}},"line":15}},"branchMap":{"0":{"loc":{"start":{"line":15,"column":21},"end":{"line":15,"column":115}},"type":"binary-expr","locations":[{"start":{"line":15,"column":21},"end":{"line":15,"column":45}},{"start":{"line":15,"column":49},"end":{"line":15,"column":115}}],"line":15},"1":{"loc":{"start":{"line":23,"column":57},"end":{"line":23,"column":128}},"type":"binary-expr","locations":[{"start":{"line":23,"column":57},"end":{"line":23,"column":85}},{"start":{"line":23,"column":89},"end":{"line":23,"column":128}}],"line":23},"2":{"loc":{"start":{"line":26,"column":58},"end":{"line":26,"column":145}},"type":"binary-expr","locations":[{"start":{"line":26,"column":58},"end":{"line":26,"column":83}},{"start":{"line":26,"column":87},"end":{"line":26,"column":145}}],"line":26}},"s":{"0":2,"1":1,"2":1},"f":{"0":1,"1":1},"b":{"0":[1,1],"1":[1,1],"2":[1,0]},"_coverageSchema":"43e27e138ebf9cfc5966b082cf9a028302ed4184","hash":"a32e6eb8572747c120ec54ddedd10b3775391668"}
,"/Users/sonukumrar/Documents/Projects/PublicSepient/sepient/src/server/index.js": {"path":"/Users/sonukumrar/Documents/Projects/PublicSepient/sepient/src/server/index.js","statementMap":{"0":{"start":{"line":1,"column":0},"end":{"line":1,"column":24}},"1":{"start":{"line":3,"column":0},"end":{"line":6,"column":2}},"2":{"start":{"line":8,"column":0},"end":{"line":8,"column":19}}},"fnMap":{},"branchMap":{},"s":{"0":0,"1":0,"2":0},"f":{},"b":{},"hash":"866431cd1f0e6b353b33e63f3457dbcc0dcbdd46"}
,"/Users/sonukumrar/Documents/Projects/PublicSepient/sepient/src/server/server.js": {"path":"/Users/sonukumrar/Documents/Projects/PublicSepient/sepient/src/server/server.js","statementMap":{"0":{"start":{"line":10,"column":13},"end":{"line":10,"column":37}},"1":{"start":{"line":11,"column":12},"end":{"line":11,"column":21}},"2":{"start":{"line":14,"column":15},"end":{"line":14,"column":31}},"3":{"start":{"line":16,"column":23},"end":{"line":29,"column":1}},"4":{"start":{"line":17,"column":2},"end":{"line":28,"column":4}},"5":{"start":{"line":18,"column":4},"end":{"line":21,"column":5}},"6":{"start":{"line":19,"column":6},"end":{"line":19,"column":24}},"7":{"start":{"line":20,"column":6},"end":{"line":20,"column":54}},"8":{"start":{"line":22,"column":4},"end":{"line":27,"column":5}},"9":{"start":{"line":30,"column":0},"end":{"line":30,"column":33}},"10":{"start":{"line":31,"column":0},"end":{"line":31,"column":79}},"11":{"start":{"line":33,"column":0},"end":{"line":33,"column":15}},"12":{"start":{"line":36,"column":0},"end":{"line":38,"column":2}},"13":{"start":{"line":37,"column":2},"end":{"line":37,"column":44}}},"fnMap":{"0":{"name":"(anonymous_0)","decl":{"start":{"line":16,"column":23},"end":{"line":16,"column":24}},"loc":{"start":{"line":16,"column":43},"end":{"line":29,"column":1}},"line":16},"1":{"name":"(anonymous_1)","decl":{"start":{"line":17,"column":58},"end":{"line":17,"column":59}},"loc":{"start":{"line":17,"column":73},"end":{"line":28,"column":3}},"line":17},"2":{"name":"(anonymous_2)","decl":{"start":{"line":36,"column":17},"end":{"line":36,"column":18}},"loc":{"start":{"line":36,"column":23},"end":{"line":38,"column":1}},"line":36}},"branchMap":{"0":{"loc":{"start":{"line":10,"column":13},"end":{"line":10,"column":37}},"type":"binary-expr","locations":[{"start":{"line":10,"column":13},"end":{"line":10,"column":29}},{"start":{"line":10,"column":33},"end":{"line":10,"column":37}}],"line":10},"1":{"loc":{"start":{"line":18,"column":4},"end":{"line":21,"column":5}},"type":"if","locations":[{"start":{"line":18,"column":4},"end":{"line":21,"column":5}},{"start":{"line":18,"column":4},"end":{"line":21,"column":5}}],"line":18}},"s":{"0":0,"1":0,"2":0,"3":0,"4":0,"5":0,"6":0,"7":0,"8":0,"9":0,"10":0,"11":0,"12":0,"13":0},"f":{"0":0,"1":0,"2":0},"b":{"0":[0,0],"1":[0,0]},"hash":"f40fffc0ec21f1ddf3c05c71268677028662f081"}
}
