TN:
SF:/Users/sonukumrar/Documents/Projects/PublicSepient/sepient/src/App.js
FN:10,App
FN:14,(anonymous_1)
FN:18,(anonymous_2)
FN:39,(anonymous_3)
FN:41,(anonymous_4)
FN:43,(anonymous_5)
FN:49,(anonymous_6)
FN:67,(anonymous_7)
FNF:8
FNH:3
FNDA:1,App
FNDA:1,(anonymous_1)
FNDA:0,(anonymous_2)
FNDA:1,(anonymous_3)
FNDA:0,(anonymous_4)
FNDA:0,(anonymous_5)
FNDA:0,(anonymous_6)
FNDA:0,(anonymous_7)
DA:8,1
DA:12,1
DA:14,1
DA:15,1
DA:18,1
DA:20,0
DA:21,0
DA:23,0
DA:24,0
DA:26,0
DA:27,0
DA:29,0
DA:30,0
DA:33,0
DA:36,0
DA:39,1
DA:40,1
DA:41,0
DA:44,0
DA:50,0
DA:54,1
DA:68,0
LF:22
LH:8
BRDA:20,0,0,0
BRDA:20,0,1,0
BRDA:20,1,0,0
BRDA:20,1,1,0
BRDA:20,1,2,0
BRDA:23,2,0,0
BRDA:23,2,1,0
BRDA:26,3,0,0
BRDA:26,3,1,0
BRDA:29,4,0,0
BRDA:29,4,1,0
BRDA:39,5,0,1
BRF:12
BRH:1
end_of_record
TN:
SF:/Users/sonukumrar/Documents/Projects/PublicSepient/sepient/src/index.js
FNF:0
FNH:0
DA:9,0
DA:10,0
LF:2
LH:0
BRDA:9,0,0,0
BRDA:9,0,1,0
BRF:2
BRH:0
end_of_record
TN:
SF:/Users/sonukumrar/Documents/Projects/PublicSepient/sepient/src/Components/Filter/Filter.js
FN:14,(anonymous_0)
FN:16,(anonymous_1)
FN:19,(anonymous_2)
FN:22,(anonymous_3)
FN:25,(anonymous_4)
FN:33,(anonymous_5)
FNF:6
FNH:3
FNDA:3,(anonymous_0)
FNDA:1,(anonymous_1)
FNDA:0,(anonymous_2)
FNDA:0,(anonymous_3)
FNDA:0,(anonymous_4)
FNDA:30,(anonymous_5)
DA:4,2
DA:13,2
DA:14,2
DA:16,3
DA:17,1
DA:19,3
DA:20,0
DA:22,3
DA:23,0
DA:25,3
DA:26,0
DA:27,0
DA:29,3
DA:34,30
LF:14
LH:10
BRF:0
BRH:0
end_of_record
TN:
SF:/Users/sonukumrar/Documents/Projects/PublicSepient/sepient/src/Components/Header/Header.js
FN:4,(anonymous_0)
FNF:1
FNH:1
FNDA:2,(anonymous_0)
DA:4,2
DA:5,2
LF:2
LH:2
BRF:0
BRH:0
end_of_record
TN:
SF:/Users/sonukumrar/Documents/Projects/PublicSepient/sepient/src/Components/Program/ProgramCard.js
FN:6,(anonymous_0)
FN:15,(anonymous_1)
FNF:2
FNH:2
FNDA:1,(anonymous_0)
FNDA:1,(anonymous_1)
DA:6,2
DA:7,1
DA:15,1
LF:3
LH:3
BRDA:15,0,0,1
BRDA:15,0,1,1
BRDA:23,1,0,1
BRDA:23,1,1,1
BRDA:26,2,0,1
BRDA:26,2,1,0
BRF:6
BRH:5
end_of_record
TN:
SF:/Users/sonukumrar/Documents/Projects/PublicSepient/sepient/src/server/index.js
FNF:0
FNH:0
DA:1,0
DA:3,0
DA:8,0
LF:3
LH:0
BRF:0
BRH:0
end_of_record
TN:
SF:/Users/sonukumrar/Documents/Projects/PublicSepient/sepient/src/server/server.js
FN:16,(anonymous_0)
FN:17,(anonymous_1)
FN:36,(anonymous_2)
FNF:3
FNH:0
FNDA:0,(anonymous_0)
FNDA:0,(anonymous_1)
FNDA:0,(anonymous_2)
DA:10,0
DA:11,0
DA:14,0
DA:16,0
DA:17,0
DA:18,0
DA:19,0
DA:20,0
DA:22,0
DA:30,0
DA:31,0
DA:33,0
DA:36,0
DA:37,0
LF:14
LH:0
BRDA:10,0,0,0
BRDA:10,0,1,0
BRDA:18,1,0,0
BRDA:18,1,1,0
BRF:4
BRH:0
end_of_record
